<?xml version="1.0" encoding="UTF-8"?>
<!-- Generated by org.testng.reporters.JUnitReportReporter -->
<testsuite hostname="miecio-Vostro-5470" failures="0" tests="2" name="br.com.mantisprova.base2.login.LoginActionBackEnd" time="21.965" errors="0" timestamp="2020-10-12T14:43:35 BRT" skipped="0">
  <testcase classname="br.com.mantisprova.base2.login.LoginActionBackEnd" name="loginChromeBackEnd" time="8.544"/>
  <system-out/>
  <testcase classname="br.com.mantisprova.base2.login.LoginActionBackEnd" name="loginFfBackEnd" time="13.421"/>
  <system-out/>
</testsuite> <!-- br.com.mantisprova.base2.login.LoginActionBackEnd -->
