<?xml version="1.0" encoding="UTF-8"?>
<!-- Generated by org.testng.reporters.JUnitReportReporter -->
<testsuite skipped="0" hostname="miecio-Vostro-5470" name="br.com.mantisprova.base2.actions.back.ReportIssueAction" tests="1" failures="0" timestamp="2020-10-11T21:44:59 BRT" time="14.553" errors="0">
  <testcase name="inserirReportIssue" time="14.553" classname="br.com.mantisprova.base2.actions.back.ReportIssueAction"/>
  <system-out/>
</testsuite> <!-- br.com.mantisprova.base2.actions.back.ReportIssueAction -->
