<?xml version="1.0" encoding="UTF-8"?>
<!-- Generated by org.testng.reporters.JUnitReportReporter -->
<testsuite hostname="miecio-Vostro-5470" failures="0" tests="1" name="br.com.mantisprova.base2.actions.e2e.ReportOcorrencia" time="23.753" errors="0" timestamp="2020-10-11T22:24:55 BRT" skipped="0">
  <testcase classname="br.com.mantisprova.base2.actions.e2e.ReportOcorrencia" name="inserirOcorrencia" time="23.753"/>
  <system-out/>
</testsuite> <!-- br.com.mantisprova.base2.actions.e2e.ReportOcorrencia -->
