<?xml version="1.0" encoding="UTF-8"?>
<!-- Generated by org.testng.reporters.JUnitReportReporter -->
<testsuite hostname="miecio-Vostro-5470" failures="0" tests="2" name="br.com.mantisprova.base2.firefox.ReportIssueActionTest" time="70.166" errors="0" timestamp="2020-10-12T21:53:44 BRT" skipped="0">
  <testcase classname="br.com.mantisprova.base2.firefox.ReportIssueActionTest" name="inserirReportIssueFF" time="43.040"/>
  <system-out/>
  <testcase classname="br.com.mantisprova.base2.firefox.ReportIssueActionTest" name="inserirReportIssueFF" time="27.126"/>
  <system-out/>
</testsuite> <!-- br.com.mantisprova.base2.firefox.ReportIssueActionTest -->
