<?xml version="1.0" encoding="UTF-8"?>
<!-- Generated by org.testng.reporters.JUnitReportReporter -->
<testsuite hostname="miecio-Vostro-5470" failures="0" tests="1" name="br.com.mantisprova.base2.chrome.ReportIssueActionTest" time="37.113" errors="0" timestamp="2020-10-13T00:56:47 BRT" skipped="0">
  <testcase classname="br.com.mantisprova.base2.chrome.ReportIssueActionTest" name="inserirReportIssueCrm" time="37.113"/>
  <system-out/>
</testsuite> <!-- br.com.mantisprova.base2.chrome.ReportIssueActionTest -->
