<?xml version="1.0" encoding="UTF-8"?>
<!-- Generated by org.testng.reporters.JUnitReportReporter -->
<testsuite hostname="miecio-Vostro-5470" failures="0" tests="2" name="br.com.mantisprova.base2.actions.e2e.ReportIssueActionFF" time="55.650" errors="0" timestamp="2020-10-12T13:13:07 BRT" skipped="0">
  <testcase classname="br.com.mantisprova.base2.actions.e2e.ReportIssueActionFF" name="inserirReportIssue" time="30.181"/>
  <system-out/>
  <testcase classname="br.com.mantisprova.base2.actions.e2e.ReportIssueActionFF" name="inserirReportIssue" time="25.469"/>
  <system-out/>
</testsuite> <!-- br.com.mantisprova.base2.actions.e2e.ReportIssueActionFF -->
