<?xml version="1.0" encoding="UTF-8"?>
<!-- Generated by org.testng.reporters.JUnitReportReporter -->
<testsuite hostname="miecio-Vostro-5470" failures="0" tests="1" name="br.com.mantisprova.base2.actions.e2e.ReportIssueAction" time="19.671" errors="0" timestamp="2020-10-11T22:24:19 BRT" skipped="0">
  <testcase classname="br.com.mantisprova.base2.actions.e2e.ReportIssueAction" name="inserirReportIssue" time="19.671"/>
  <system-out/>
</testsuite> <!-- br.com.mantisprova.base2.actions.e2e.ReportIssueAction -->
