<?xml version="1.0" encoding="UTF-8"?>
<!-- Generated by org.testng.reporters.JUnitReportReporter -->
<testsuite skipped="0" hostname="miecio-Vostro-5470" name="br.com.mantisprova.base2.actions.ReportIssueAction" tests="1" failures="0" timestamp="2020-10-11T17:13:31 BRT" time="23.150" errors="0">
  <testcase name="inserirReportIssue" time="23.150" classname="br.com.mantisprova.base2.actions.ReportIssueAction"/>
  <system-out/>
</testsuite> <!-- br.com.mantisprova.base2.actions.ReportIssueAction -->
