<?xml version="1.0" encoding="UTF-8"?>
<!-- Generated by org.testng.reporters.JUnitReportReporter -->
<testsuite hostname="miecio-Vostro-5470" failures="0" tests="1" name="br.com.mantisprova.base2.chrome.LoginActionChrome" time="15.697" errors="0" timestamp="2020-10-12T23:52:54 BRT" skipped="0">
  <testcase classname="br.com.mantisprova.base2.chrome.LoginActionChrome" name="loginChromeBackEnd" time="15.697"/>
  <system-out/>
</testsuite> <!-- br.com.mantisprova.base2.chrome.LoginActionChrome -->
