<?xml version="1.0" encoding="UTF-8"?>
<!-- Generated by org.testng.reporters.JUnitReportReporter -->
<testsuite hostname="miecio-Vostro-5470" failures="0" tests="2" name="br.com.mantisprova.base2.actions.back.ReportIssueActionFF" time="31.698" errors="0" timestamp="2020-10-12T14:43:35 BRT" skipped="0">
  <testcase classname="br.com.mantisprova.base2.actions.back.ReportIssueActionFF" name="inserirReportIssueFF" time="16.192"/>
  <system-out/>
  <testcase classname="br.com.mantisprova.base2.actions.back.ReportIssueActionFF" name="inserirReportIssueFF" time="15.506"/>
  <system-out/>
</testsuite> <!-- br.com.mantisprova.base2.actions.back.ReportIssueActionFF -->
