<?xml version="1.0" encoding="UTF-8"?>
<!-- Generated by org.testng.reporters.JUnitReportReporter -->
<testsuite hostname="miecio-Vostro-5470" failures="0" tests="1" name="br.com.mantisprova.base2.chrome.LoginActionChrome" time="10.847" errors="0" timestamp="2020-10-12T21:53:44 BRT" skipped="0">
  <testcase classname="br.com.mantisprova.base2.chrome.LoginActionChrome" name="loginChromeBackEnd" time="10.847"/>
  <system-out/>
</testsuite> <!-- br.com.mantisprova.base2.chrome.LoginActionChrome -->
